<?xml version="1.0" encoding="UTF-8"?>
<testsuite xmlns:xsi="http://www.w3.org/2001/XMLSchema-instance" xsi:noNamespaceSchemaLocation="https://maven.apache.org/surefire/maven-surefire-plugin/xsd/surefire-test-report.xsd" version="3.0.2" name="com.excellentcalendar.cloud.boot.runtime.RuntimeConfigurationTest" time="0.013" tests="5" errors="0" skipped="0" failures="0" flakes="0">
  <properties>
[...]
</properties>
  <testcase name="defaultApiProfileIsValid" classname="com.excellentcalendar.cloud.boot.runtime.RuntimeConfigurationTest" time="0.006"/>
  <testcase name="multipleProcessRolesAreRejected" classname="com.excellentcalendar.cloud.boot.runtime.RuntimeConfigurationTest" time="0.002"/>
  <testcase name="apiAndLocalIsAValidDevelopmentCombination" classname="com.excellentcalendar.cloud.boot.runtime.RuntimeConfigurationTest" time="0.0"/>
  <testcase name="configuredRoleMustMatchItsProfile" classname="com.excellentcalendar.cloud.boot.runtime.RuntimeConfigurationTest" time="0.001"/>
  <testcase name="localProfileCannotRunWithoutAProcessRole" classname="com.excellentcalendar.cloud.boot.runtime.RuntimeConfigurationTest" time="0.0"/>
</testsuite>