<?xml version="1.0" encoding="UTF-8"?>
<testsuite xmlns:xsi="http://www.w3.org/2001/XMLSchema-instance" xsi:noNamespaceSchemaLocation="https://maven.apache.org/surefire/maven-failsafe-plugin/xsd/failsafe-test-report.xsd" version="3.0.2" name="com.excellentcalendar.cloud.PostgreSqlInfrastructureIT" time="0.005" tests="2" errors="0" skipped="2" failures="0" flakes="0">
  <properties/>
  <testcase name="connectsToRealPostgresqlInUtc" classname="com.excellentcalendar.cloud.PostgreSqlInfrastructureIT" time="0.0">
    <skipped message="disabledWithoutDocker is true and Docker is not available"/>
    <system-out><![CDATA[11:33:20.037 [main] INFO org.testcontainers.DockerClientFactory -- Testcontainers version: 2.0.5
11:33:20.351 [main] INFO org.testcontainers.dockerclient.DockerMachineClientProviderStrategy -- docker-machine executable was not found on PATH ([C:\Users\34002\bin, D:\Download\Git\mingw64\bin, D:\Download\Git\usr\local\bin, D:\Download\Git\usr\bin, D:\Download\Git\usr\bin, D:\Download\Git\mingw64\bin, D:\Download\Git\usr\bin, C:\Users\34002\bin, D:\javatest\jdk-21.0.11\bin, C:\Program Files\Common Files\Oracle\Java\javapath, D:\vm\bin, C:\WINDOWS\system32, C:\WINDOWS, C:\WINDOWS\System32\Wbem, C:\WINDOWS\System32\WindowsPowerShell\v1.0, C:\WINDOWS\System32\OpenSSH, C:\Program Files\NVIDIA Corporation\NVIDIA app\NvDLISR, C:\Program Files\dotnet, D:\Download\Git\cmd, C:\Program Files\Go\bin, C:\Users\34002\.local\bin, C:\Program Files\MySQL\MySQL Server 8.0\bin, C:\Program Files\nodejs, D:\javatest\apache-maven-3.9.16\bin, C:\Users\34002\AppData\Local\Programs\Python\Python312\Scripts, C:\Users\34002\AppData\Local\Programs\Python\Python312, C:\Users\34002\.local\bin, D:\Download\Scripts, D:\Scripts, C:\Users\34002\AppData\Local\Microsoft\WindowsApps, D:\Users\34002\AppData\Local\Programs\Microsoft VS Code\bin, C:\Users\34002\AppData\Local\GitHubDesktop\bin, D:\Microsoft VS Code\bin, D:\APP\IntelliJ IDEA 2026.1.1\bin, D:\CodeBlocks\MinGW\bin, D:\Android\flutter\bin, D:\Android\sdk\platform-tools, D:\Android\sdk\cmdline-tools\latest\bin, D:\Android\sdk\emulator, D:\Android\sdk\cmake\3.22.1\bin, D:\Android\AndroidStudio\jbr\bin, D:\javatest\jdk-21.0.11, C:\Users\34002\go\bin, C:\Users\34002\.vscode\extensions\anthropic.claude-code-2.1.211-win32-x64\resources\native-binary, C:\Users\34002\AppData\Roaming\npm, D:\Download\Git\usr\bin\vendor_perl, D:\Download\Git\usr\bin\core_perl])
11:33:20.352 [main] ERROR org.testcontainers.dockerclient.DockerClientProviderStrategy -- Could not find a valid Docker environment. Please check configuration. Attempted configurations were:
As no valid configuration was found, execution cannot continue.
See https://java.testcontainers.org/on_failure.html for more details.
]]></system-out>
  </testcase>
  <testcase name="flywayOwnsSchemaEvolutionBeforeBusinessTablesExist" classname="com.excellentcalendar.cloud.PostgreSqlInfrastructureIT" time="0.0">
    <skipped message="disabledWithoutDocker is true and Docker is not available"/>
  </testcase>
</testsuite>